{"/Users/davidwilson/HR/yelp_images/client/src/index.jsx": {"path":"/Users/davidwilson/HR/yelp_images/client/src/index.jsx","statementMap":{"0":{"start":{"line":5,"column":0},"end":{"line":5,"column":56}}},"fnMap":{},"branchMap":{},"s":{"0":0},"f":{},"b":{}}
,"/Users/davidwilson/HR/yelp_images/client/src/components/App.jsx": {"path":"/Users/davidwilson/HR/yelp_images/client/src/components/App.jsx","statementMap":{"0":{"start":{"line":8,"column":8},"end":{"line":8,"column":20}},"1":{"start":{"line":9,"column":8},"end":{"line":12,"column":9}},"2":{"start":{"line":13,"column":8},"end":{"line":13,"column":51}},"3":{"start":{"line":14,"column":8},"end":{"line":14,"column":49}},"4":{"start":{"line":18,"column":8},"end":{"line":18,"column":25}},"5":{"start":{"line":19,"column":8},"end":{"line":19,"column":24}},"6":{"start":{"line":24,"column":8},"end":{"line":24,"column":27}},"7":{"start":{"line":28,"column":8},"end":{"line":30,"column":32}},"8":{"start":{"line":29,"column":21},"end":{"line":29,"column":54}},"9":{"start":{"line":34,"column":8},"end":{"line":36,"column":32}},"10":{"start":{"line":35,"column":21},"end":{"line":35,"column":53}},"11":{"start":{"line":40,"column":8},"end":{"line":44,"column":10}}},"fnMap":{"0":{"name":"(anonymous_0)","decl":{"start":{"line":7,"column":4},"end":{"line":7,"column":5}},"loc":{"start":{"line":7,"column":23},"end":{"line":15,"column":5}},"line":7},"1":{"name":"(anonymous_1)","decl":{"start":{"line":17,"column":4},"end":{"line":17,"column":5}},"loc":{"start":{"line":17,"column":24},"end":{"line":20,"column":5}},"line":17},"2":{"name":"(anonymous_2)","decl":{"start":{"line":23,"column":4},"end":{"line":23,"column":5}},"loc":{"start":{"line":23,"column":23},"end":{"line":25,"column":5}},"line":23},"3":{"name":"(anonymous_3)","decl":{"start":{"line":27,"column":4},"end":{"line":27,"column":5}},"loc":{"start":{"line":27,"column":16},"end":{"line":31,"column":5}},"line":27},"4":{"name":"(anonymous_4)","decl":{"start":{"line":29,"column":14},"end":{"line":29,"column":15}},"loc":{"start":{"line":29,"column":21},"end":{"line":29,"column":54}},"line":29},"5":{"name":"(anonymous_5)","decl":{"start":{"line":33,"column":4},"end":{"line":33,"column":5}},"loc":{"start":{"line":33,"column":15},"end":{"line":37,"column":5}},"line":33},"6":{"name":"(anonymous_6)","decl":{"start":{"line":35,"column":14},"end":{"line":35,"column":15}},"loc":{"start":{"line":35,"column":21},"end":{"line":35,"column":53}},"line":35},"7":{"name":"(anonymous_7)","decl":{"start":{"line":39,"column":4},"end":{"line":39,"column":5}},"loc":{"start":{"line":39,"column":13},"end":{"line":45,"column":5}},"line":39}},"branchMap":{},"s":{"0":1,"1":1,"2":1,"3":1,"4":1,"5":1,"6":0,"7":1,"8":0,"9":1,"10":0,"11":1},"f":{"0":1,"1":1,"2":0,"3":1,"4":0,"5":1,"6":0,"7":1},"b":{},"_coverageSchema":"1a1c01bbd47fc00a2c39e90264f33305004495a9","hash":"b05442c6e5fe578e1681e7bc064ccef9c6ab7e44"}
,"/Users/davidwilson/HR/yelp_images/client/src/components/ImageCarousel.jsx": {"path":"/Users/davidwilson/HR/yelp_images/client/src/components/ImageCarousel.jsx","statementMap":{"0":{"start":{"line":4,"column":23},"end":{"line":19,"column":1}},"1":{"start":{"line":21,"column":17},"end":{"line":31,"column":1}},"2":{"start":{"line":33,"column":17},"end":{"line":41,"column":1}},"3":{"start":{"line":43,"column":22},"end":{"line":61,"column":1}},"4":{"start":{"line":44,"column":4},"end":{"line":60,"column":6}}},"fnMap":{"0":{"name":"(anonymous_0)","decl":{"start":{"line":43,"column":22},"end":{"line":43,"column":23}},"loc":{"start":{"line":43,"column":77},"end":{"line":61,"column":1}},"line":43}},"branchMap":{},"s":{"0":3,"1":3,"2":3,"3":3,"4":0},"f":{"0":0},"b":{},"_coverageSchema":"1a1c01bbd47fc00a2c39e90264f33305004495a9","hash":"52b5d43a5df9567f9500e43f2b362ddc0fa7e21c"}
,"/Users/davidwilson/HR/yelp_images/client/src/components/ImageContainer.jsx": {"path":"/Users/davidwilson/HR/yelp_images/client/src/components/ImageContainer.jsx","statementMap":{"0":{"start":{"line":5,"column":12},"end":{"line":12,"column":1}},"1":{"start":{"line":14,"column":17},"end":{"line":24,"column":1}},"2":{"start":{"line":26,"column":17},"end":{"line":34,"column":1}},"3":{"start":{"line":36,"column":23},"end":{"line":72,"column":1}},"4":{"start":{"line":37,"column":44},"end":{"line":37,"column":60}},"5":{"start":{"line":38,"column":38},"end":{"line":38,"column":49}},"6":{"start":{"line":39,"column":22},"end":{"line":39,"column":23}},"7":{"start":{"line":41,"column":2},"end":{"line":43,"column":25}},"8":{"start":{"line":42,"column":4},"end":{"line":42,"column":73}},"9":{"start":{"line":45,"column":17},"end":{"line":48,"column":3}},"10":{"start":{"line":46,"column":22},"end":{"line":46,"column":46}},"11":{"start":{"line":47,"column":4},"end":{"line":47,"column":49}},"12":{"start":{"line":50,"column":18},"end":{"line":53,"column":3}},"13":{"start":{"line":51,"column":23},"end":{"line":51,"column":47}},"14":{"start":{"line":52,"column":4},"end":{"line":52,"column":77}},"15":{"start":{"line":55,"column":2},"end":{"line":71,"column":3}},"16":{"start":{"line":63,"column":12},"end":{"line":63,"column":102}}},"fnMap":{"0":{"name":"(anonymous_0)","decl":{"start":{"line":36,"column":23},"end":{"line":36,"column":24}},"loc":{"start":{"line":36,"column":44},"end":{"line":72,"column":1}},"line":36},"1":{"name":"(anonymous_1)","decl":{"start":{"line":41,"column":12},"end":{"line":41,"column":13}},"loc":{"start":{"line":41,"column":18},"end":{"line":43,"column":3}},"line":41},"2":{"name":"(anonymous_2)","decl":{"start":{"line":45,"column":17},"end":{"line":45,"column":18}},"loc":{"start":{"line":45,"column":23},"end":{"line":48,"column":3}},"line":45},"3":{"name":"(anonymous_3)","decl":{"start":{"line":50,"column":18},"end":{"line":50,"column":19}},"loc":{"start":{"line":50,"column":24},"end":{"line":53,"column":3}},"line":50},"4":{"name":"(anonymous_4)","decl":{"start":{"line":62,"column":44},"end":{"line":62,"column":45}},"loc":{"start":{"line":63,"column":12},"end":{"line":63,"column":102}},"line":63}},"branchMap":{"0":{"loc":{"start":{"line":47,"column":18},"end":{"line":47,"column":47}},"type":"cond-expr","locations":[{"start":{"line":47,"column":34},"end":{"line":47,"column":43}},{"start":{"line":47,"column":46},"end":{"line":47,"column":47}}],"line":47},"1":{"loc":{"start":{"line":52,"column":18},"end":{"line":52,"column":75}},"type":"cond-expr","locations":[{"start":{"line":52,"column":47},"end":{"line":52,"column":57}},{"start":{"line":52,"column":60},"end":{"line":52,"column":75}}],"line":52},"2":{"loc":{"start":{"line":62,"column":9},"end":{"line":64,"column":9}},"type":"binary-expr","locations":[{"start":{"line":62,"column":9},"end":{"line":62,"column":22}},{"start":{"line":62,"column":26},"end":{"line":64,"column":9}}],"line":62}},"s":{"0":2,"1":2,"2":2,"3":2,"4":1,"5":1,"6":1,"7":1,"8":0,"9":1,"10":0,"11":0,"12":1,"13":0,"14":0,"15":1,"16":3},"f":{"0":1,"1":0,"2":0,"3":0,"4":3},"b":{"0":[0,0],"1":[0,0],"2":[1,1]},"_coverageSchema":"1a1c01bbd47fc00a2c39e90264f33305004495a9","hash":"ad80b13a8c6ea235205bdc76ead461f3fd1515b5"}
,"/Users/davidwilson/HR/yelp_images/client/src/components/ImageItem.jsx": {"path":"/Users/davidwilson/HR/yelp_images/client/src/components/ImageItem.jsx","statementMap":{"0":{"start":{"line":5,"column":12},"end":{"line":13,"column":1}},"1":{"start":{"line":15,"column":18},"end":{"line":33,"column":1}},"2":{"start":{"line":16,"column":14},"end":{"line":16,"column":26}},"3":{"start":{"line":18,"column":20},"end":{"line":21,"column":3}},"4":{"start":{"line":20,"column":4},"end":{"line":20,"column":28}},"5":{"start":{"line":23,"column":2},"end":{"line":32,"column":4}}},"fnMap":{"0":{"name":"(anonymous_0)","decl":{"start":{"line":15,"column":18},"end":{"line":15,"column":19}},"loc":{"start":{"line":15,"column":61},"end":{"line":33,"column":1}},"line":15},"1":{"name":"(anonymous_1)","decl":{"start":{"line":18,"column":20},"end":{"line":18,"column":21}},"loc":{"start":{"line":18,"column":26},"end":{"line":21,"column":3}},"line":18}},"branchMap":{},"s":{"0":3,"1":3,"2":1,"3":1,"4":0,"5":1},"f":{"0":1,"1":0},"b":{},"_coverageSchema":"1a1c01bbd47fc00a2c39e90264f33305004495a9","hash":"a053106a1eae16a5f3cd4cf0a7f522ed3e7afc84"}
,"/Users/davidwilson/HR/yelp_images/client/src/components/ModalContainer.jsx": {"path":"/Users/davidwilson/HR/yelp_images/client/src/components/ModalContainer.jsx","statementMap":{"0":{"start":{"line":7,"column":20},"end":{"line":24,"column":1}},"1":{"start":{"line":26,"column":28},"end":{"line":56,"column":1}},"2":{"start":{"line":58,"column":29},"end":{"line":77,"column":1}},"3":{"start":{"line":79,"column":23},"end":{"line":157,"column":2}},"4":{"start":{"line":81,"column":30},"end":{"line":81,"column":45}},"5":{"start":{"line":82,"column":44},"end":{"line":82,"column":67}},"6":{"start":{"line":83,"column":44},"end":{"line":83,"column":66}},"7":{"start":{"line":85,"column":4},"end":{"line":87,"column":22}},"8":{"start":{"line":86,"column":8},"end":{"line":86,"column":38}},"9":{"start":{"line":89,"column":4},"end":{"line":91,"column":22}},"10":{"start":{"line":90,"column":8},"end":{"line":90,"column":50}},"11":{"start":{"line":93,"column":19},"end":{"line":97,"column":5}},"12":{"start":{"line":94,"column":8},"end":{"line":96,"column":10}},"13":{"start":{"line":99,"column":20},"end":{"line":103,"column":5}},"14":{"start":{"line":100,"column":8},"end":{"line":102,"column":10}},"15":{"start":{"line":105,"column":4},"end":{"line":107,"column":22}},"16":{"start":{"line":106,"column":8},"end":{"line":106,"column":49}},"17":{"start":{"line":109,"column":22},"end":{"line":111,"column":5}},"18":{"start":{"line":110,"column":8},"end":{"line":110,"column":23}},"19":{"start":{"line":113,"column":22},"end":{"line":115,"column":5}},"20":{"start":{"line":114,"column":8},"end":{"line":114,"column":24}},"21":{"start":{"line":117,"column":27},"end":{"line":120,"column":5}},"22":{"start":{"line":118,"column":8},"end":{"line":118,"column":31}},"23":{"start":{"line":119,"column":8},"end":{"line":119,"column":42}},"24":{"start":{"line":122,"column":4},"end":{"line":126,"column":7}},"25":{"start":{"line":123,"column":8},"end":{"line":125,"column":10}},"26":{"start":{"line":128,"column":4},"end":{"line":156,"column":6}}},"fnMap":{"0":{"name":"(anonymous_0)","decl":{"start":{"line":79,"column":34},"end":{"line":79,"column":35}},"loc":{"start":{"line":79,"column":95},"end":{"line":157,"column":1}},"line":79},"1":{"name":"(anonymous_1)","decl":{"start":{"line":85,"column":14},"end":{"line":85,"column":15}},"loc":{"start":{"line":85,"column":20},"end":{"line":87,"column":5}},"line":85},"2":{"name":"(anonymous_2)","decl":{"start":{"line":89,"column":14},"end":{"line":89,"column":15}},"loc":{"start":{"line":89,"column":20},"end":{"line":91,"column":5}},"line":89},"3":{"name":"(anonymous_3)","decl":{"start":{"line":93,"column":19},"end":{"line":93,"column":20}},"loc":{"start":{"line":93,"column":25},"end":{"line":97,"column":5}},"line":93},"4":{"name":"(anonymous_4)","decl":{"start":{"line":99,"column":20},"end":{"line":99,"column":21}},"loc":{"start":{"line":99,"column":26},"end":{"line":103,"column":5}},"line":99},"5":{"name":"(anonymous_5)","decl":{"start":{"line":105,"column":14},"end":{"line":105,"column":15}},"loc":{"start":{"line":105,"column":20},"end":{"line":107,"column":5}},"line":105},"6":{"name":"(anonymous_6)","decl":{"start":{"line":109,"column":22},"end":{"line":109,"column":23}},"loc":{"start":{"line":109,"column":28},"end":{"line":111,"column":5}},"line":109},"7":{"name":"(anonymous_7)","decl":{"start":{"line":113,"column":22},"end":{"line":113,"column":23}},"loc":{"start":{"line":113,"column":28},"end":{"line":115,"column":5}},"line":113},"8":{"name":"(anonymous_8)","decl":{"start":{"line":117,"column":27},"end":{"line":117,"column":28}},"loc":{"start":{"line":117,"column":38},"end":{"line":120,"column":5}},"line":117},"9":{"name":"(anonymous_9)","decl":{"start":{"line":122,"column":29},"end":{"line":122,"column":30}},"loc":{"start":{"line":122,"column":35},"end":{"line":126,"column":5}},"line":122}},"branchMap":{"0":{"loc":{"start":{"line":95,"column":12},"end":{"line":95,"column":51}},"type":"cond-expr","locations":[{"start":{"line":95,"column":31},"end":{"line":95,"column":47}},{"start":{"line":95,"column":50},"end":{"line":95,"column":51}}],"line":95},"1":{"loc":{"start":{"line":101,"column":12},"end":{"line":101,"column":77}},"type":"cond-expr","locations":[{"start":{"line":101,"column":46},"end":{"line":101,"column":62}},{"start":{"line":101,"column":65},"end":{"line":101,"column":77}}],"line":101},"2":{"loc":{"start":{"line":130,"column":13},"end":{"line":153,"column":32}},"type":"binary-expr","locations":[{"start":{"line":130,"column":13},"end":{"line":130,"column":18}},{"start":{"line":130,"column":22},"end":{"line":153,"column":32}}],"line":130}},"s":{"0":3,"1":3,"2":3,"3":3,"4":0,"5":0,"6":0,"7":0,"8":0,"9":0,"10":0,"11":0,"12":0,"13":0,"14":0,"15":0,"16":0,"17":0,"18":0,"19":0,"20":0,"21":0,"22":0,"23":0,"24":0,"25":0,"26":0},"f":{"0":0,"1":0,"2":0,"3":0,"4":0,"5":0,"6":0,"7":0,"8":0,"9":0},"b":{"0":[0,0],"1":[0,0],"2":[0,0]},"_coverageSchema":"1a1c01bbd47fc00a2c39e90264f33305004495a9","hash":"3369ed1bd13e339cb0a1ef64acafdbf19c8c18eb"}
,"/Users/davidwilson/HR/yelp_images/client/src/components/ModalImagesContainer.jsx": {"path":"/Users/davidwilson/HR/yelp_images/client/src/components/ModalImagesContainer.jsx","statementMap":{"0":{"start":{"line":4,"column":23},"end":{"line":7,"column":1}},"1":{"start":{"line":9,"column":24},"end":{"line":31,"column":1}},"2":{"start":{"line":33,"column":24},"end":{"line":64,"column":1}},"3":{"start":{"line":66,"column":29},"end":{"line":87,"column":1}},"4":{"start":{"line":67,"column":29},"end":{"line":69,"column":5}},"5":{"start":{"line":67,"column":40},"end":{"line":69,"column":5}},"6":{"start":{"line":68,"column":8},"end":{"line":68,"column":44}},"7":{"start":{"line":70,"column":4},"end":{"line":86,"column":5}},"8":{"start":{"line":80,"column":20},"end":{"line":82,"column":26}}},"fnMap":{"0":{"name":"(anonymous_0)","decl":{"start":{"line":66,"column":29},"end":{"line":66,"column":30}},"loc":{"start":{"line":66,"column":71},"end":{"line":87,"column":1}},"line":66},"1":{"name":"(anonymous_1)","decl":{"start":{"line":67,"column":29},"end":{"line":67,"column":30}},"loc":{"start":{"line":67,"column":40},"end":{"line":69,"column":5}},"line":67},"2":{"name":"(anonymous_2)","decl":{"start":{"line":67,"column":40},"end":{"line":67,"column":41}},"loc":{"start":{"line":67,"column":51},"end":{"line":69,"column":5}},"line":67},"3":{"name":"(anonymous_3)","decl":{"start":{"line":79,"column":38},"end":{"line":79,"column":39}},"loc":{"start":{"line":80,"column":20},"end":{"line":82,"column":26}},"line":80}},"branchMap":{"0":{"loc":{"start":{"line":68,"column":8},"end":{"line":68,"column":43}},"type":"binary-expr","locations":[{"start":{"line":68,"column":8},"end":{"line":68,"column":20}},{"start":{"line":68,"column":24},"end":{"line":68,"column":43}}],"line":68},"1":{"loc":{"start":{"line":79,"column":17},"end":{"line":83,"column":17}},"type":"binary-expr","locations":[{"start":{"line":79,"column":17},"end":{"line":79,"column":23}},{"start":{"line":79,"column":27},"end":{"line":83,"column":17}}],"line":79},"2":{"loc":{"start":{"line":80,"column":55},"end":{"line":80,"column":92}},"type":"cond-expr","locations":[{"start":{"line":80,"column":80},"end":{"line":80,"column":88}},{"start":{"line":80,"column":90},"end":{"line":80,"column":92}}],"line":80}},"s":{"0":3,"1":3,"2":3,"3":3,"4":0,"5":0,"6":0,"7":0,"8":0},"f":{"0":0,"1":0,"2":0,"3":0},"b":{"0":[0,0],"1":[0,0],"2":[0,0]},"_coverageSchema":"1a1c01bbd47fc00a2c39e90264f33305004495a9","hash":"496cd48de29d572de87c8cb86a7c8a84c39de6df"}
,"/Users/davidwilson/HR/yelp_images/client/src/components/UserInfo.jsx": {"path":"/Users/davidwilson/HR/yelp_images/client/src/components/UserInfo.jsx","statementMap":{"0":{"start":{"line":4,"column":26},"end":{"line":22,"column":1}},"1":{"start":{"line":24,"column":17},"end":{"line":35,"column":1}},"2":{"start":{"line":25,"column":4},"end":{"line":34,"column":6}}},"fnMap":{"0":{"name":"(anonymous_0)","decl":{"start":{"line":24,"column":17},"end":{"line":24,"column":18}},"loc":{"start":{"line":24,"column":28},"end":{"line":35,"column":1}},"line":24}},"branchMap":{},"s":{"0":3,"1":3,"2":0},"f":{"0":0},"b":{},"_coverageSchema":"1a1c01bbd47fc00a2c39e90264f33305004495a9","hash":"a865e07973e6ee1a54ec233cb1e4cf36693b6e7e"}
,"/Users/davidwilson/HR/yelp_images/server/controller.js": {"path":"/Users/davidwilson/HR/yelp_images/server/controller.js","statementMap":{"0":{"start":{"line":1,"column":14},"end":{"line":1,"column":45}},"1":{"start":{"line":3,"column":0},"end":{"line":11,"column":2}},"2":{"start":{"line":6,"column":4},"end":{"line":6,"column":29}},"3":{"start":{"line":9,"column":4},"end":{"line":9,"column":31}}},"fnMap":{"0":{"name":"(anonymous_0)","decl":{"start":{"line":4,"column":13},"end":{"line":4,"column":14}},"loc":{"start":{"line":4,"column":27},"end":{"line":7,"column":3}},"line":4},"1":{"name":"(anonymous_1)","decl":{"start":{"line":8,"column":12},"end":{"line":8,"column":13}},"loc":{"start":{"line":8,"column":26},"end":{"line":10,"column":3}},"line":8}},"branchMap":{},"s":{"0":1,"1":1,"2":3,"3":0},"f":{"0":3,"1":0},"b":{},"_coverageSchema":"1a1c01bbd47fc00a2c39e90264f33305004495a9","hash":"8450a95000b987be0259f898066932c24013b93b"}
,"/Users/davidwilson/HR/yelp_images/server/index.js": {"path":"/Users/davidwilson/HR/yelp_images/server/index.js","statementMap":{"0":{"start":{"line":2,"column":17},"end":{"line":2,"column":48}},"1":{"start":{"line":5,"column":15},"end":{"line":5,"column":37}},"2":{"start":{"line":8,"column":30},"end":{"line":8,"column":56}},"3":{"start":{"line":10,"column":16},"end":{"line":10,"column":34}},"4":{"start":{"line":11,"column":10},"end":{"line":11,"column":19}},"5":{"start":{"line":13,"column":0},"end":{"line":13,"column":55}},"6":{"start":{"line":14,"column":0},"end":{"line":14,"column":18}},"7":{"start":{"line":16,"column":0},"end":{"line":16,"column":30}},"8":{"start":{"line":18,"column":0},"end":{"line":18,"column":28}},"9":{"start":{"line":20,"column":0},"end":{"line":20,"column":21}}},"fnMap":{},"branchMap":{},"s":{"0":1,"1":1,"2":1,"3":1,"4":1,"5":1,"6":1,"7":1,"8":1,"9":1},"f":{},"b":{},"_coverageSchema":"1a1c01bbd47fc00a2c39e90264f33305004495a9","hash":"25dfbf233676ac0985c7fc7c4212b4989487096e"}
,"/Users/davidwilson/HR/yelp_images/server/start.js": {"path":"/Users/davidwilson/HR/yelp_images/server/start.js","statementMap":{"0":{"start":{"line":1,"column":12},"end":{"line":1,"column":33}},"1":{"start":{"line":3,"column":13},"end":{"line":3,"column":17}},"2":{"start":{"line":5,"column":0},"end":{"line":5,"column":81}},"3":{"start":{"line":5,"column":23},"end":{"line":5,"column":79}}},"fnMap":{"0":{"name":"(anonymous_0)","decl":{"start":{"line":5,"column":17},"end":{"line":5,"column":18}},"loc":{"start":{"line":5,"column":23},"end":{"line":5,"column":79}},"line":5}},"branchMap":{},"s":{"0":0,"1":0,"2":0,"3":0},"f":{"0":0},"b":{}}
}
